

Microchip MPLAB XC8 Assembler V2.45 build 20230818022343 
                                                                                               Wed Oct 04 16:04:14 2023

Microchip MPLAB XC8 C Compiler v2.45 (Free license) build 20230818022343 Og1 
     1                           	processor	16F877A
     2                           	pagewidth 120
     3                           	opt	flic
     4                           	psect	cinit,global,class=CODE,merge=1,delta=2
     5                           	psect	cstackCOMMON,global,class=COMMON,space=1,delta=1,noexec
     6                           	psect	maintext,global,class=CODE,split=1,delta=2
     7                           	psect	config,global,abs,ovrld,class=CONFIG,space=4,delta=2,noexec
     8                           	dabs	1,0x7E,2
     9     0000                     
    10                           ; Generated 22/03/2023 GMT
    11                           ; 
    12                           ; Copyright © 2023, Microchip Technology Inc. and its subsidiaries ("Microchip")
    13                           ; All rights reserved.
    14                           ; 
    15                           ; This software is developed by Microchip Technology Inc. and its subsidiaries ("Microch
      +                          ip").
    16                           ; 
    17                           ; Redistribution and use in source and binary forms, with or without modification, are
    18                           ; permitted provided that the following conditions are met:
    19                           ; 
    20                           ;     1. Redistributions of source code must retain the above copyright notice, this lis
      +                          t of
    21                           ;        conditions and the following disclaimer.
    22                           ; 
    23                           ;     2. Redistributions in binary form must reproduce the above copyright notice, this 
      +                          list
    24                           ;        of conditions and the following disclaimer in the documentation and/or other
    25                           ;        materials provided with the distribution. Publication is not required when
    26                           ;        this file is used in an embedded application.
    27                           ; 
    28                           ;     3. Microchip's name may not be used to endorse or promote products derived from th
      +                          is
    29                           ;        software without specific prior written permission.
    30                           ; 
    31                           ; THIS SOFTWARE IS PROVIDED BY MICROCHIP "AS IS" AND ANY EXPRESS OR IMPLIED WARRANTIES,
    32                           ; INCLUDING, BUT NOT LIMITED TO, THE IMPLIED WARRANTIES OF MERCHANTABILITY AND FITNESS F
      +                          OR
    33                           ; PURPOSE ARE DISCLAIMED.  IN NO EVENT SHALL MICROCHIP BE LIABLE FOR ANY DIRECT, INDIREC
      +                          T,
    34                           ; INCIDENTAL, SPECIAL, EXEMPLARY, OR CONSEQUENTIAL DAMAGES (INCLUDING BUT NOT LIMITED TO
    35                           ; PROCUREMENT OF SUBSTITUTE GOODS OR SERVICES; LOSS OF USE, DATA OR PROFITS; OR BUSINESS
    36                           ; INTERRUPTION) HOWSOEVER CAUSED AND ON ANY THEORY OF LIABILITY, WHETHER IN CONTRACT, ST
      +                          RICT
    37                           ; LIABILITY, OR TORT (INCLUDING NEGLIGENCE OR OTHERWISE) ARISING IN ANY WAY OUT OF THE U
      +                          SE OF
    38                           ; THIS SOFTWARE, EVEN IF ADVISED OF THE POSSIBILITY OF SUCH DAMAGE.
    39                           ; 
    40                           ; 
    41                           ; Code-generator required, PIC16F877A Definitions
    42                           ; 
    43                           ; SFR Addresses
    44     0000                     	;# 
    45     0001                     	;# 
    46     0002                     	;# 
    47     0003                     	;# 
    48     0004                     	;# 
    49     0005                     	;# 
    50     0006                     	;# 
    51     0007                     	;# 
    52     0008                     	;# 
    53     0009                     	;# 
    54     000A                     	;# 
    55     000B                     	;# 
    56     000C                     	;# 
    57     000D                     	;# 
    58     000E                     	;# 
    59     000E                     	;# 
    60     000F                     	;# 
    61     0010                     	;# 
    62     0011                     	;# 
    63     0012                     	;# 
    64     0013                     	;# 
    65     0014                     	;# 
    66     0015                     	;# 
    67     0015                     	;# 
    68     0016                     	;# 
    69     0017                     	;# 
    70     0018                     	;# 
    71     0019                     	;# 
    72     001A                     	;# 
    73     001B                     	;# 
    74     001B                     	;# 
    75     001C                     	;# 
    76     001D                     	;# 
    77     001E                     	;# 
    78     001F                     	;# 
    79     0081                     	;# 
    80     0085                     	;# 
    81     0086                     	;# 
    82     0087                     	;# 
    83     0088                     	;# 
    84     0089                     	;# 
    85     008C                     	;# 
    86     008D                     	;# 
    87     008E                     	;# 
    88     0091                     	;# 
    89     0092                     	;# 
    90     0093                     	;# 
    91     0094                     	;# 
    92     0098                     	;# 
    93     0099                     	;# 
    94     009C                     	;# 
    95     009D                     	;# 
    96     009E                     	;# 
    97     009F                     	;# 
    98     010C                     	;# 
    99     010D                     	;# 
   100     010E                     	;# 
   101     010F                     	;# 
   102     018C                     	;# 
   103     018D                     	;# 
   104     0000                     	;# 
   105     0001                     	;# 
   106     0002                     	;# 
   107     0003                     	;# 
   108     0004                     	;# 
   109     0005                     	;# 
   110     0006                     	;# 
   111     0007                     	;# 
   112     0008                     	;# 
   113     0009                     	;# 
   114     000A                     	;# 
   115     000B                     	;# 
   116     000C                     	;# 
   117     000D                     	;# 
   118     000E                     	;# 
   119     000E                     	;# 
   120     000F                     	;# 
   121     0010                     	;# 
   122     0011                     	;# 
   123     0012                     	;# 
   124     0013                     	;# 
   125     0014                     	;# 
   126     0015                     	;# 
   127     0015                     	;# 
   128     0016                     	;# 
   129     0017                     	;# 
   130     0018                     	;# 
   131     0019                     	;# 
   132     001A                     	;# 
   133     001B                     	;# 
   134     001B                     	;# 
   135     001C                     	;# 
   136     001D                     	;# 
   137     001E                     	;# 
   138     001F                     	;# 
   139     0081                     	;# 
   140     0085                     	;# 
   141     0086                     	;# 
   142     0087                     	;# 
   143     0088                     	;# 
   144     0089                     	;# 
   145     008C                     	;# 
   146     008D                     	;# 
   147     008E                     	;# 
   148     0091                     	;# 
   149     0092                     	;# 
   150     0093                     	;# 
   151     0094                     	;# 
   152     0098                     	;# 
   153     0099                     	;# 
   154     009C                     	;# 
   155     009D                     	;# 
   156     009E                     	;# 
   157     009F                     	;# 
   158     010C                     	;# 
   159     010D                     	;# 
   160     010E                     	;# 
   161     010F                     	;# 
   162     018C                     	;# 
   163     018D                     	;# 
   164     0035                     _RB5	set	53
   165     0031                     _RB1	set	49
   166     0431                     _TRISB1	set	1073
   167     0435                     _TRISB5	set	1077
   168                           
   169                           	psect	cinit
   170     07FC                     start_initialization:	
   171                           ; #config settings
   172                           
   173     07FC                     __initialization:
   174     07FC                     end_of_initialization:	
   175                           ;End of C runtime variable initialization code
   176                           
   177     07FC                     __end_of__initialization:
   178     07FC  0183               	clrf	3
   179     07FD  120A  118A  2FCF   	ljmp	_main	;jump to C main() function
   180                           
   181                           	psect	cstackCOMMON
   182     0070                     __pcstackCOMMON:
   183     0070                     ?_main:
   184     0070                     ??_main:	
   185                           ; 1 bytes @ 0x0
   186                           
   187                           
   188                           ; 1 bytes @ 0x0
   189     0070                     	ds	3
   190                           
   191                           	psect	maintext
   192     07CF                     __pmaintext:	
   193 ;;
   194 ;;Main: autosize = 0, tempsize = 3, incstack = 0, save=0
   195 ;;
   196 ;; *************** function _main *****************
   197 ;; Defined at:
   198 ;;		line 12 in file "led.c"
   199 ;; Parameters:    Size  Location     Type
   200 ;;		None
   201 ;; Auto vars:     Size  Location     Type
   202 ;;		None
   203 ;; Return value:  Size  Location     Type
   204 ;;                  1    wreg      void 
   205 ;; Registers used:
   206 ;;		wreg
   207 ;; Tracked objects:
   208 ;;		On entry : B00/0
   209 ;;		On exit  : 0/0
   210 ;;		Unchanged: 0/0
   211 ;; Data sizes:     COMMON   BANK0   BANK1   BANK3   BANK2
   212 ;;      Params:         0       0       0       0       0
   213 ;;      Locals:         0       0       0       0       0
   214 ;;      Temps:          3       0       0       0       0
   215 ;;      Totals:         3       0       0       0       0
   216 ;;Total ram usage:        3 bytes
   217 ;; This function calls:
   218 ;;		Nothing
   219 ;; This function is called by:
   220 ;;		Startup code after reset
   221 ;; This function uses a non-reentrant model
   222 ;;
   223                           
   224     07CF                     _main:	
   225                           ;psect for function _main
   226                           
   227     07CF                     l565:	
   228                           ;incstack = 0
   229                           ; Regs used in _main: [wreg]
   230                           
   231                           
   232                           ;led.c: 14:     TRISB5= 1;
   233     07CF  1683               	bsf	3,5	;RP0=1, select bank1
   234     07D0  1303               	bcf	3,6	;RP1=0, select bank1
   235     07D1  1686               	bsf	6,5	;volatile
   236                           
   237                           ;led.c: 15:     TRISB1= 0;
   238     07D2  1086               	bcf	6,1	;volatile
   239     07D3  2FF2               	goto	l571
   240     07D4                     l17:
   241                           
   242                           ;led.c: 20:        {;led.c: 21:            RB1 = 1;
   243     07D4  1486               	bsf	6,1	;volatile
   244     07D5                     l567:
   245                           
   246                           ;led.c: 22:            _delay((unsigned long)((500)*(4000000/4000.0)));
   247     07D5  3003               	movlw	3
   248     07D6  00F2               	movwf	??_main+2
   249     07D7  308A               	movlw	138
   250     07D8  00F1               	movwf	??_main+1
   251     07D9  3055               	movlw	85
   252     07DA  00F0               	movwf	??_main
   253     07DB                     u27:
   254     07DB  0BF0               	decfsz	??_main,f
   255     07DC  2FDB               	goto	u27
   256     07DD  0BF1               	decfsz	??_main+1,f
   257     07DE  2FDB               	goto	u27
   258     07DF  0BF2               	decfsz	??_main+2,f
   259     07E0  2FDB               	goto	u27
   260     07E1  2FE2               	nop2
   261     07E2                     l569:
   262                           
   263                           ;led.c: 23:            RB1 = 0;
   264     07E2  1283               	bcf	3,5	;RP0=0, select bank0
   265     07E3  1303               	bcf	3,6	;RP1=0, select bank0
   266     07E4  1086               	bcf	6,1	;volatile
   267                           
   268                           ;led.c: 24:            _delay((unsigned long)((500)*(4000000/4000.0)));
   269     07E5  3003               	movlw	3
   270     07E6  00F2               	movwf	??_main+2
   271     07E7  308A               	movlw	138
   272     07E8  00F1               	movwf	??_main+1
   273     07E9  3055               	movlw	85
   274     07EA  00F0               	movwf	??_main
   275     07EB                     u37:
   276     07EB  0BF0               	decfsz	??_main,f
   277     07EC  2FEB               	goto	u37
   278     07ED  0BF1               	decfsz	??_main+1,f
   279     07EE  2FEB               	goto	u37
   280     07EF  0BF2               	decfsz	??_main+2,f
   281     07F0  2FEB               	goto	u37
   282     07F1  2FF2               	nop2
   283     07F2                     l571:
   284                           
   285                           ;led.c: 19:        while(!RB5)
   286     07F2  1283               	bcf	3,5	;RP0=0, select bank0
   287     07F3  1303               	bcf	3,6	;RP1=0, select bank0
   288     07F4  1E86               	btfss	6,5	;volatile
   289     07F5  2FF7               	goto	u11
   290     07F6  2FF8               	goto	u10
   291     07F7                     u11:
   292     07F7  2FD4               	goto	l17
   293     07F8                     u10:
   294     07F8  2FF2               	goto	l571
   295     07F9  120A  118A  2800   	ljmp	start
   296     07FC                     __end_of_main:
   297     007E                     btemp	set	126	;btemp
   298     007E                     wtemp0	set	126
   299                           
   300                           	psect	config
   301                           
   302                           ;Config register CONFIG @ 0x2007
   303                           ;	Oscillator Selection bits
   304                           ;	FOSC = XT, XT oscillator
   305                           ;	Watchdog Timer Enable bit
   306                           ;	WDTE = OFF, WDT disabled
   307                           ;	Power-up Timer Enable bit
   308                           ;	PWRTE = ON, PWRT enabled
   309                           ;	Brown-out Reset Enable bit
   310                           ;	BOREN = ON, BOR enabled
   311                           ;	Low-Voltage (Single-Supply) In-Circuit Serial Programming Enable bit
   312                           ;	LVP = OFF, RB3 is digital I/O, HV on MCLR must be used for programming
   313                           ;	Data EEPROM Memory Code Protection bit
   314                           ;	CPD = OFF, Data EEPROM code protection off
   315                           ;	Flash Program Memory Write Enable bits
   316                           ;	WRT = OFF, Write protection off; all program memory may be written to by EECON control
   317                           ;	In-Circuit Debugger Mode bit
   318                           ;	DEBUG = 0x1, unprogrammed default
   319                           ;	Flash Program Memory Code Protection bit
   320                           ;	CP = OFF, Code protection off
   321     2007                     	org	8199
   322     2007  3F71               	dw	16241

Data Sizes:
    Strings     0
    Constant    0
    Data        0
    BSS         0
    Persistent  0
    Stack       0

Auto Spaces:
    Space          Size  Autos    Used
    COMMON           14      3       3
    BANK0            80      0       0
    BANK1            80      0       0
    BANK3            96      0       0
    BANK2            96      0       0

Pointer List with Targets:

    None.

Critical Paths under _main in COMMON

    None.

Critical Paths under _main in BANK0

    None.

Critical Paths under _main in BANK1

    None.

Critical Paths under _main in BANK3

    None.

Critical Paths under _main in BANK2

    None.

Call Graph Tables:

 ---------------------------------------------------------------------------------
 (Depth) Function   	        Calls       Base Space   Used Autos Params    Refs
 ---------------------------------------------------------------------------------
 (0) _main                                                 3     3      0       0
                                              0 COMMON     3     3      0
 ---------------------------------------------------------------------------------
 Estimated maximum stack depth 0
 ---------------------------------------------------------------------------------

 Call Graph Graphs:

 _main (ROOT)

 Address spaces:
Name               Size   Autos  Total    Cost      Usage
BITCOMMON            E      0       0       0        0.0%
EEDATA             100      0       0       0        0.0%
NULL                 0      0       0       0        0.0%
CODE                 0      0       0       0        0.0%
COMMON               E      3       3       1       21.4%
BITSFR0              0      0       0       1        0.0%
SFR0                 0      0       0       1        0.0%
BITSFR1              0      0       0       2        0.0%
SFR1                 0      0       0       2        0.0%
STACK                0      0       0       2        0.0%
ABS                  0      0       0       3        0.0%
BITBANK0            50      0       0       4        0.0%
BITSFR3              0      0       0       4        0.0%
SFR3                 0      0       0       4        0.0%
BANK0               50      0       0       5        0.0%
BITSFR2              0      0       0       5        0.0%
SFR2                 0      0       0       5        0.0%
BITBANK1            50      0       0       6        0.0%
BANK1               50      0       0       7        0.0%
BITBANK3            60      0       0       8        0.0%
BANK3               60      0       0       9        0.0%
BITBANK2            60      0       0      10        0.0%
BANK2               60      0       0      11        0.0%
DATA                 0      0       0      12        0.0%


Microchip Technology PIC Macro Assembler V2.45 build 20230818022343 
Symbol Table                                                                                   Wed Oct 04 16:04:14 2023

                     l17 07D4                       u10 07F8                       u11 07F7  
                     u27 07DB                       u37 07EB                      l571 07F2  
                    l565 07CF                      l567 07D5                      l569 07E2  
                    _RB1 0031                      _RB5 0035                     _main 07CF  
                   btemp 007E                     start 0000                    ?_main 0070  
                  status 0003                    wtemp0 007E          __initialization 07FC  
           __end_of_main 07FC                   ??_main 0070                   _TRISB1 0431  
                 _TRISB5 0435  __end_of__initialization 07FC           __pcstackCOMMON 0070  
             __pmaintext 07CF     end_of_initialization 07FC      start_initialization 07FC  
              ___latbits 0002  
